[2023-02-19 20:52:57,842] {taskinstance.py:1159} INFO - Dependencies all met for <TaskInstance: autoetl-coordinates.get_input_data manual__2023-02-19T20:52:54.993838+00:00 [queued]>
[2023-02-19 20:52:57,855] {taskinstance.py:1159} INFO - Dependencies all met for <TaskInstance: autoetl-coordinates.get_input_data manual__2023-02-19T20:52:54.993838+00:00 [queued]>
[2023-02-19 20:52:57,856] {taskinstance.py:1356} INFO - 
--------------------------------------------------------------------------------
[2023-02-19 20:52:57,857] {taskinstance.py:1357} INFO - Starting attempt 1 of 1
[2023-02-19 20:52:57,858] {taskinstance.py:1358} INFO - 
--------------------------------------------------------------------------------
[2023-02-19 20:52:57,872] {taskinstance.py:1377} INFO - Executing <Task(PythonOperator): get_input_data> on 2023-02-19 20:52:54.993838+00:00
[2023-02-19 20:52:57,881] {standard_task_runner.py:52} INFO - Started process 257 to run task
[2023-02-19 20:52:57,885] {standard_task_runner.py:79} INFO - Running: ['***', 'tasks', 'run', 'autoetl-coordinates', 'get_input_data', 'manual__2023-02-19T20:52:54.993838+00:00', '--job-id', '2', '--raw', '--subdir', 'DAGS_FOLDER/autoetl-coordinates.py', '--cfg-path', '/tmp/tmp_yvswkda', '--error-file', '/tmp/tmp_3h79jsw']
[2023-02-19 20:52:57,887] {standard_task_runner.py:80} INFO - Job 2: Subtask get_input_data
[2023-02-19 20:52:57,953] {task_command.py:369} INFO - Running <TaskInstance: autoetl-coordinates.get_input_data manual__2023-02-19T20:52:54.993838+00:00 [running]> on host 83ee186d463f
[2023-02-19 20:52:58,037] {taskinstance.py:1571} INFO - Exporting the following env vars:
AIRFLOW_CTX_DAG_OWNER=***
AIRFLOW_CTX_DAG_ID=autoetl-coordinates
AIRFLOW_CTX_TASK_ID=get_input_data
AIRFLOW_CTX_EXECUTION_DATE=2023-02-19T20:52:54.993838+00:00
AIRFLOW_CTX_TRY_NUMBER=1
AIRFLOW_CTX_DAG_RUN_ID=manual__2023-02-19T20:52:54.993838+00:00
[2023-02-19 20:52:58,040] {logging_mixin.py:115} INFO - Get Locations URL and Load into Pandas Dataframe
[2023-02-19 20:53:02,071] {logging_mixin.py:115} WARNING - /home/***/.local/lib/python3.7/site-packages/***/operators/python.py:189 DtypeWarning: Columns (11,12,14,20) have mixed types.Specify dtype option on import or set low_memory=False.
[2023-02-19 20:53:13,125] {logging_mixin.py:115} INFO - Get buildings data
[2023-02-19 20:53:25,499] {logging_mixin.py:115} INFO - Get parcels data
[2023-02-19 20:53:26,186] {logging_mixin.py:115} WARNING - Downloading...
[2023-02-19 20:53:26,188] {logging_mixin.py:115} WARNING - From: https://drive.google.com/uc?id=137bCzf0qEPLwKTgNxeAAjTs5MvyTlxWA
[2023-02-19 20:53:26,189] {logging_mixin.py:115} WARNING - To: /opt/***/data/inputs/ms_hinds_parcels.ndgeojson.gz
[2023-02-19 20:53:26,222] {logging_mixin.py:115} WARNING -   0%|          | 0.00/42.1M [00:00<?, ?B/s]
[2023-02-19 20:53:26,371] {logging_mixin.py:115} WARNING -   2%|2         | 1.05M/42.1M [00:00<00:05, 7.20MB/s]
[2023-02-19 20:53:26,478] {logging_mixin.py:115} WARNING -  11%|#1        | 4.72M/42.1M [00:00<00:01, 20.9MB/s]
[2023-02-19 20:53:26,579] {logging_mixin.py:115} WARNING -  20%|#9        | 8.39M/42.1M [00:00<00:01, 27.2MB/s]
[2023-02-19 20:53:26,735] {logging_mixin.py:115} WARNING -  27%|##7       | 11.5M/42.1M [00:00<00:01, 23.9MB/s]
[2023-02-19 20:53:26,858] {logging_mixin.py:115} WARNING -  37%|###7      | 15.7M/42.1M [00:00<00:00, 27.4MB/s]
[2023-02-19 20:53:26,967] {logging_mixin.py:115} WARNING -  47%|####7     | 19.9M/42.1M [00:00<00:00, 30.8MB/s]
[2023-02-19 20:53:27,073] {logging_mixin.py:115} WARNING -  56%|#####6    | 23.6M/42.1M [00:00<00:00, 31.9MB/s]
[2023-02-19 20:53:27,206] {logging_mixin.py:115} WARNING -  65%|######4   | 27.3M/42.1M [00:00<00:00, 30.4MB/s]
[2023-02-19 20:53:27,317] {logging_mixin.py:115} WARNING -  74%|#######3  | 30.9M/42.1M [00:01<00:00, 31.2MB/s]
[2023-02-19 20:53:27,419] {logging_mixin.py:115} WARNING -  85%|########4 | 35.7M/42.1M [00:01<00:00, 35.4MB/s]
[2023-02-19 20:53:27,540] {logging_mixin.py:115} WARNING -  95%|#########4| 39.8M/42.1M [00:01<00:00, 35.2MB/s]
[2023-02-19 20:53:27,636] {logging_mixin.py:115} WARNING - 100%|##########| 42.1M/42.1M [00:01<00:00, 29.8MB/s]
[2023-02-19 20:53:27,704] {logging_mixin.py:115} INFO - Extract and save gzip file
[2023-02-19 20:53:55,286] {python.py:173} INFO - Done. Returned value was: None
[2023-02-19 20:53:55,358] {taskinstance.py:1400} INFO - Marking task as SUCCESS. dag_id=autoetl-coordinates, task_id=get_input_data, execution_date=20230219T205254, start_date=20230219T205257, end_date=20230219T205355
[2023-02-19 20:53:55,506] {local_task_job.py:156} INFO - Task exited with return code 0
[2023-02-19 20:53:55,610] {local_task_job.py:273} INFO - 0 downstream tasks scheduled from follow-on schedule check
