[2023-02-20 13:38:27,514] {taskinstance.py:1159} INFO - Dependencies all met for <TaskInstance: autoetl-coordinates.get_metrics manual__2023-02-20T12:55:37.672912+00:00 [queued]>
[2023-02-20 13:38:27,536] {taskinstance.py:1159} INFO - Dependencies all met for <TaskInstance: autoetl-coordinates.get_metrics manual__2023-02-20T12:55:37.672912+00:00 [queued]>
[2023-02-20 13:38:27,541] {taskinstance.py:1356} INFO - 
--------------------------------------------------------------------------------
[2023-02-20 13:38:27,545] {taskinstance.py:1357} INFO - Starting attempt 1 of 1
[2023-02-20 13:38:27,546] {taskinstance.py:1358} INFO - 
--------------------------------------------------------------------------------
[2023-02-20 13:38:27,571] {taskinstance.py:1377} INFO - Executing <Task(PythonOperator): get_metrics> on 2023-02-20 12:55:37.672912+00:00
[2023-02-20 13:38:27,595] {standard_task_runner.py:52} INFO - Started process 1253 to run task
[2023-02-20 13:38:27,602] {standard_task_runner.py:79} INFO - Running: ['***', 'tasks', 'run', 'autoetl-coordinates', 'get_metrics', 'manual__2023-02-20T12:55:37.672912+00:00', '--job-id', '8', '--raw', '--subdir', 'DAGS_FOLDER/autoetl-coordinates.py', '--cfg-path', '/tmp/tmpqqb7sa2l', '--error-file', '/tmp/tmpzas3lygt']
[2023-02-20 13:38:27,606] {standard_task_runner.py:80} INFO - Job 8: Subtask get_metrics
[2023-02-20 13:38:27,692] {task_command.py:369} INFO - Running <TaskInstance: autoetl-coordinates.get_metrics manual__2023-02-20T12:55:37.672912+00:00 [running]> on host 08ba3386fdbc
[2023-02-20 13:38:27,810] {taskinstance.py:1571} INFO - Exporting the following env vars:
AIRFLOW_CTX_DAG_OWNER=***
AIRFLOW_CTX_DAG_ID=autoetl-coordinates
AIRFLOW_CTX_TASK_ID=get_metrics
AIRFLOW_CTX_EXECUTION_DATE=2023-02-20T12:55:37.672912+00:00
AIRFLOW_CTX_TRY_NUMBER=1
AIRFLOW_CTX_DAG_RUN_ID=manual__2023-02-20T12:55:37.672912+00:00
[2023-02-20 13:38:27,814] {logging_mixin.py:115} INFO - Load Data
[2023-02-20 13:38:30,299] {logging_mixin.py:115} WARNING - /home/***/.local/lib/python3.7/site-packages/***/operators/python.py:189 DtypeWarning: Columns (12,13,15,21) have mixed types.Specify dtype option on import or set low_memory=False.
[2023-02-20 13:38:30,369] {logging_mixin.py:115} INFO - Clean updated locations
[2023-02-20 13:38:31,324] {logging_mixin.py:115} WARNING - /opt/***/dags/autoetl-coordinates.py:187 FutureWarning: The default value of regex will change from True to False in a future version. In addition, single character regular expressions will *not* be treated as literal strings when regex=True.
[2023-02-20 13:38:31,437] {logging_mixin.py:115} WARNING - /opt/***/dags/autoetl-coordinates.py:188 FutureWarning: The default value of regex will change from True to False in a future version. In addition, single character regular expressions will *not* be treated as literal strings when regex=True.
[2023-02-20 13:38:31,716] {logging_mixin.py:115} INFO - Save updated location file to data
[2023-02-20 13:38:55,101] {logging_mixin.py:115} INFO - Calculate Metrics
[2023-02-20 13:38:55,321] {logging_mixin.py:115} INFO - Create dataframe for metrics and save
[2023-02-20 13:38:55,400] {python.py:173} INFO - Done. Returned value was: None
[2023-02-20 13:38:55,446] {taskinstance.py:1400} INFO - Marking task as SUCCESS. dag_id=autoetl-coordinates, task_id=get_metrics, execution_date=20230220T125537, start_date=20230220T133827, end_date=20230220T133855
[2023-02-20 13:38:55,619] {local_task_job.py:156} INFO - Task exited with return code 0
[2023-02-20 13:38:55,660] {local_task_job.py:273} INFO - 1 downstream tasks scheduled from follow-on schedule check
