[2023-02-20 04:38:38,384] {taskinstance.py:1159} INFO - Dependencies all met for <TaskInstance: autoetl-coordinates.get_input_data manual__2023-02-20T04:38:35.099438+00:00 [queued]>
[2023-02-20 04:38:38,397] {taskinstance.py:1159} INFO - Dependencies all met for <TaskInstance: autoetl-coordinates.get_input_data manual__2023-02-20T04:38:35.099438+00:00 [queued]>
[2023-02-20 04:38:38,399] {taskinstance.py:1356} INFO - 
--------------------------------------------------------------------------------
[2023-02-20 04:38:38,400] {taskinstance.py:1357} INFO - Starting attempt 1 of 1
[2023-02-20 04:38:38,402] {taskinstance.py:1358} INFO - 
--------------------------------------------------------------------------------
[2023-02-20 04:38:38,420] {taskinstance.py:1377} INFO - Executing <Task(PythonOperator): get_input_data> on 2023-02-20 04:38:35.099438+00:00
[2023-02-20 04:38:38,431] {standard_task_runner.py:52} INFO - Started process 372 to run task
[2023-02-20 04:38:38,437] {standard_task_runner.py:79} INFO - Running: ['***', 'tasks', 'run', 'autoetl-coordinates', 'get_input_data', 'manual__2023-02-20T04:38:35.099438+00:00', '--job-id', '37', '--raw', '--subdir', 'DAGS_FOLDER/autoetl-coordinates.py', '--cfg-path', '/tmp/tmpru3xswce', '--error-file', '/tmp/tmpa9iexo1d']
[2023-02-20 04:38:38,440] {standard_task_runner.py:80} INFO - Job 37: Subtask get_input_data
[2023-02-20 04:38:38,585] {task_command.py:369} INFO - Running <TaskInstance: autoetl-coordinates.get_input_data manual__2023-02-20T04:38:35.099438+00:00 [running]> on host 83ee186d463f
[2023-02-20 04:38:38,695] {taskinstance.py:1571} INFO - Exporting the following env vars:
AIRFLOW_CTX_DAG_OWNER=***
AIRFLOW_CTX_DAG_ID=autoetl-coordinates
AIRFLOW_CTX_TASK_ID=get_input_data
AIRFLOW_CTX_EXECUTION_DATE=2023-02-20T04:38:35.099438+00:00
AIRFLOW_CTX_TRY_NUMBER=1
AIRFLOW_CTX_DAG_RUN_ID=manual__2023-02-20T04:38:35.099438+00:00
[2023-02-20 04:38:38,699] {logging_mixin.py:115} INFO - Get Locations URL and Load into Pandas Dataframe
[2023-02-20 04:38:41,991] {logging_mixin.py:115} WARNING - /home/***/.local/lib/python3.7/site-packages/***/operators/python.py:189 DtypeWarning: Columns (11,12,14,20) have mixed types.Specify dtype option on import or set low_memory=False.
[2023-02-20 04:38:51,603] {logging_mixin.py:115} INFO - Get buildings data
[2023-02-20 04:39:04,459] {logging_mixin.py:115} INFO - Get parcels data
[2023-02-20 04:39:05,046] {logging_mixin.py:115} WARNING - Downloading...
[2023-02-20 04:39:05,048] {logging_mixin.py:115} WARNING - From: https://drive.google.com/uc?id=137bCzf0qEPLwKTgNxeAAjTs5MvyTlxWA
[2023-02-20 04:39:05,049] {logging_mixin.py:115} WARNING - To: /opt/***/data/inputs/ms_hinds_parcels.ndgeojson.gz
[2023-02-20 04:39:05,060] {logging_mixin.py:115} WARNING -   0%|          | 0.00/42.1M [00:00<?, ?B/s]
[2023-02-20 04:39:05,200] {logging_mixin.py:115} WARNING -   6%|6         | 2.62M/42.1M [00:00<00:02, 19.0MB/s]
[2023-02-20 04:39:05,317] {logging_mixin.py:115} WARNING -  12%|#2        | 5.24M/42.1M [00:00<00:01, 20.8MB/s]
[2023-02-20 04:39:05,426] {logging_mixin.py:115} WARNING -  19%|#8        | 7.86M/42.1M [00:00<00:01, 22.2MB/s]
[2023-02-20 04:39:05,531] {logging_mixin.py:115} WARNING -  26%|##6       | 11.0M/42.1M [00:00<00:01, 25.0MB/s]
[2023-02-20 04:39:05,643] {logging_mixin.py:115} WARNING -  32%|###2      | 13.6M/42.1M [00:00<00:01, 24.4MB/s]
[2023-02-20 04:39:05,752] {logging_mixin.py:115} WARNING -  39%|###8      | 16.3M/42.1M [00:00<00:01, 24.4MB/s]
[2023-02-20 04:39:05,855] {logging_mixin.py:115} WARNING -  46%|####6     | 19.4M/42.1M [00:00<00:00, 26.3MB/s]
[2023-02-20 04:39:06,027] {logging_mixin.py:115} WARNING -  54%|#####3    | 22.5M/42.1M [00:00<00:00, 22.9MB/s]
[2023-02-20 04:39:06,148] {logging_mixin.py:115} WARNING -  61%|######1   | 25.7M/42.1M [00:01<00:00, 23.8MB/s]
[2023-02-20 04:39:06,253] {logging_mixin.py:115} WARNING -  67%|######7   | 28.3M/42.1M [00:01<00:00, 24.1MB/s]
[2023-02-20 04:39:06,404] {logging_mixin.py:115} WARNING -  74%|#######3  | 30.9M/42.1M [00:01<00:00, 21.7MB/s]
[2023-02-20 04:39:06,506] {logging_mixin.py:115} WARNING -  84%|########3 | 35.1M/42.1M [00:01<00:00, 26.7MB/s]
[2023-02-20 04:39:06,613] {logging_mixin.py:115} WARNING -  97%|#########7| 40.9M/42.1M [00:01<00:00, 34.2MB/s]
[2023-02-20 04:39:06,646] {logging_mixin.py:115} WARNING - 100%|##########| 42.1M/42.1M [00:01<00:00, 26.6MB/s]
[2023-02-20 04:39:06,653] {logging_mixin.py:115} INFO - Extract and save gzip file
[2023-02-20 04:39:26,005] {logging_mixin.py:115} INFO - Convert ndgeojson to csv
[2023-02-20 04:40:59,946] {local_task_job.py:156} INFO - Task exited with return code Negsignal.SIGKILL
[2023-02-20 04:41:00,080] {taskinstance.py:1400} INFO - Marking task as FAILED. dag_id=autoetl-coordinates, task_id=get_input_data, execution_date=20230220T043835, start_date=20230220T043838, end_date=20230220T044100
[2023-02-20 04:41:00,511] {local_task_job.py:273} INFO - 0 downstream tasks scheduled from follow-on schedule check
