[2023-02-19 21:50:30,897] {taskinstance.py:1159} INFO - Dependencies all met for <TaskInstance: autoetl-coordinates.get_input_data manual__2023-02-19T21:50:27.932222+00:00 [queued]>
[2023-02-19 21:50:30,909] {taskinstance.py:1159} INFO - Dependencies all met for <TaskInstance: autoetl-coordinates.get_input_data manual__2023-02-19T21:50:27.932222+00:00 [queued]>
[2023-02-19 21:50:30,910] {taskinstance.py:1356} INFO - 
--------------------------------------------------------------------------------
[2023-02-19 21:50:30,911] {taskinstance.py:1357} INFO - Starting attempt 1 of 1
[2023-02-19 21:50:30,912] {taskinstance.py:1358} INFO - 
--------------------------------------------------------------------------------
[2023-02-19 21:50:30,928] {taskinstance.py:1377} INFO - Executing <Task(PythonOperator): get_input_data> on 2023-02-19 21:50:27.932222+00:00
[2023-02-19 21:50:30,943] {standard_task_runner.py:52} INFO - Started process 976 to run task
[2023-02-19 21:50:30,949] {standard_task_runner.py:79} INFO - Running: ['***', 'tasks', 'run', 'autoetl-coordinates', 'get_input_data', 'manual__2023-02-19T21:50:27.932222+00:00', '--job-id', '11', '--raw', '--subdir', 'DAGS_FOLDER/autoetl-coordinates.py', '--cfg-path', '/tmp/tmpnbxf_uj1', '--error-file', '/tmp/tmpno3lcohz']
[2023-02-19 21:50:30,952] {standard_task_runner.py:80} INFO - Job 11: Subtask get_input_data
[2023-02-19 21:50:31,047] {task_command.py:369} INFO - Running <TaskInstance: autoetl-coordinates.get_input_data manual__2023-02-19T21:50:27.932222+00:00 [running]> on host 83ee186d463f
[2023-02-19 21:50:31,153] {taskinstance.py:1571} INFO - Exporting the following env vars:
AIRFLOW_CTX_DAG_OWNER=***
AIRFLOW_CTX_DAG_ID=autoetl-coordinates
AIRFLOW_CTX_TASK_ID=get_input_data
AIRFLOW_CTX_EXECUTION_DATE=2023-02-19T21:50:27.932222+00:00
AIRFLOW_CTX_TRY_NUMBER=1
AIRFLOW_CTX_DAG_RUN_ID=manual__2023-02-19T21:50:27.932222+00:00
[2023-02-19 21:50:31,157] {logging_mixin.py:115} INFO - Get Locations URL and Load into Pandas Dataframe
[2023-02-19 21:50:33,664] {logging_mixin.py:115} WARNING - /home/***/.local/lib/python3.7/site-packages/***/operators/python.py:189 DtypeWarning: Columns (11,12,14,20) have mixed types.Specify dtype option on import or set low_memory=False.
[2023-02-19 21:50:41,803] {logging_mixin.py:115} INFO - Get buildings data
[2023-02-19 21:50:55,062] {logging_mixin.py:115} INFO - Get parcels data
[2023-02-19 21:50:55,854] {logging_mixin.py:115} WARNING - Downloading...
[2023-02-19 21:50:55,857] {logging_mixin.py:115} WARNING - From: https://drive.google.com/uc?id=137bCzf0qEPLwKTgNxeAAjTs5MvyTlxWA
[2023-02-19 21:50:55,860] {logging_mixin.py:115} WARNING - To: /opt/***/data/inputs/ms_hinds_parcels.ndgeojson.gz
[2023-02-19 21:50:55,885] {logging_mixin.py:115} WARNING -   0%|          | 0.00/42.1M [00:00<?, ?B/s]
[2023-02-19 21:50:56,005] {logging_mixin.py:115} WARNING -   5%|4         | 2.10M/42.1M [00:00<00:02, 18.0MB/s]
[2023-02-19 21:50:56,114] {logging_mixin.py:115} WARNING -  11%|#1        | 4.72M/42.1M [00:00<00:01, 21.4MB/s]
[2023-02-19 21:50:56,226] {logging_mixin.py:115} WARNING -  19%|#8        | 7.86M/42.1M [00:00<00:01, 24.6MB/s]
[2023-02-19 21:50:56,330] {logging_mixin.py:115} WARNING -  25%|##4       | 10.5M/42.1M [00:00<00:01, 24.8MB/s]
[2023-02-19 21:50:56,464] {logging_mixin.py:115} WARNING -  31%|###1      | 13.1M/42.1M [00:00<00:01, 22.6MB/s]
[2023-02-19 21:50:56,565] {logging_mixin.py:115} WARNING -  40%|###9      | 16.8M/42.1M [00:00<00:00, 26.8MB/s]
[2023-02-19 21:50:56,669] {logging_mixin.py:115} WARNING -  50%|####9     | 21.0M/42.1M [00:00<00:00, 31.0MB/s]
[2023-02-19 21:50:56,776] {logging_mixin.py:115} WARNING -  61%|######1   | 25.7M/42.1M [00:00<00:00, 35.1MB/s]
[2023-02-19 21:50:56,923] {logging_mixin.py:115} WARNING -  70%|######9   | 29.4M/42.1M [00:01<00:00, 31.3MB/s]
[2023-02-19 21:50:57,037] {logging_mixin.py:115} WARNING -  81%|########1 | 34.1M/42.1M [00:01<00:00, 34.3MB/s]
[2023-02-19 21:50:57,140] {logging_mixin.py:115} WARNING -  92%|#########2| 38.8M/42.1M [00:01<00:00, 37.4MB/s]
[2023-02-19 21:50:57,236] {logging_mixin.py:115} WARNING - 100%|##########| 42.1M/42.1M [00:01<00:00, 31.2MB/s]
[2023-02-19 21:50:57,985] {logging_mixin.py:115} INFO - Extract and save gzip file
[2023-02-19 21:51:14,213] {python.py:173} INFO - Done. Returned value was: None
[2023-02-19 21:51:14,278] {taskinstance.py:1400} INFO - Marking task as SUCCESS. dag_id=autoetl-coordinates, task_id=get_input_data, execution_date=20230219T215027, start_date=20230219T215030, end_date=20230219T215114
[2023-02-19 21:51:14,402] {local_task_job.py:156} INFO - Task exited with return code 0
[2023-02-19 21:51:14,479] {local_task_job.py:273} INFO - 1 downstream tasks scheduled from follow-on schedule check
