[2023-02-19 14:37:04,557] {taskinstance.py:1159} INFO - Dependencies all met for <TaskInstance: autoetl-coordinates.get_input_data manual__2023-02-19T14:37:02.216287+00:00 [queued]>
[2023-02-19 14:37:04,569] {taskinstance.py:1159} INFO - Dependencies all met for <TaskInstance: autoetl-coordinates.get_input_data manual__2023-02-19T14:37:02.216287+00:00 [queued]>
[2023-02-19 14:37:04,571] {taskinstance.py:1356} INFO - 
--------------------------------------------------------------------------------
[2023-02-19 14:37:04,572] {taskinstance.py:1357} INFO - Starting attempt 1 of 1
[2023-02-19 14:37:04,573] {taskinstance.py:1358} INFO - 
--------------------------------------------------------------------------------
[2023-02-19 14:37:04,590] {taskinstance.py:1377} INFO - Executing <Task(PythonOperator): get_input_data> on 2023-02-19 14:37:02.216287+00:00
[2023-02-19 14:37:04,597] {standard_task_runner.py:52} INFO - Started process 473 to run task
[2023-02-19 14:37:04,603] {standard_task_runner.py:79} INFO - Running: ['***', 'tasks', 'run', 'autoetl-coordinates', 'get_input_data', 'manual__2023-02-19T14:37:02.216287+00:00', '--job-id', '5', '--raw', '--subdir', 'DAGS_FOLDER/autoetl-coordinates.py', '--cfg-path', '/tmp/tmpv2ci3bjr', '--error-file', '/tmp/tmps3pfks4e']
[2023-02-19 14:37:04,606] {standard_task_runner.py:80} INFO - Job 5: Subtask get_input_data
[2023-02-19 14:37:04,679] {task_command.py:369} INFO - Running <TaskInstance: autoetl-coordinates.get_input_data manual__2023-02-19T14:37:02.216287+00:00 [running]> on host 28bff766bd86
[2023-02-19 14:37:04,763] {taskinstance.py:1571} INFO - Exporting the following env vars:
AIRFLOW_CTX_DAG_OWNER=***
AIRFLOW_CTX_DAG_ID=autoetl-coordinates
AIRFLOW_CTX_TASK_ID=get_input_data
AIRFLOW_CTX_EXECUTION_DATE=2023-02-19T14:37:02.216287+00:00
AIRFLOW_CTX_TRY_NUMBER=1
AIRFLOW_CTX_DAG_RUN_ID=manual__2023-02-19T14:37:02.216287+00:00
[2023-02-19 14:37:04,766] {logging_mixin.py:115} INFO - Get Locations URL and Load into Pandas Dataframe
[2023-02-19 14:37:08,736] {logging_mixin.py:115} WARNING - /home/***/.local/lib/python3.7/site-packages/***/operators/python.py:189 DtypeWarning: Columns (11,12,14,20) have mixed types.Specify dtype option on import or set low_memory=False.
[2023-02-19 14:37:19,123] {logging_mixin.py:115} INFO - Get buildings data
[2023-02-19 14:37:32,035] {logging_mixin.py:115} INFO - Get parcels data
[2023-02-19 14:37:32,737] {logging_mixin.py:115} WARNING - Downloading...
[2023-02-19 14:37:32,738] {logging_mixin.py:115} WARNING - From: https://drive.google.com/uc?id=137bCzf0qEPLwKTgNxeAAjTs5MvyTlxWA
[2023-02-19 14:37:32,739] {logging_mixin.py:115} WARNING - To: /opt/***/data/ms_hinds_parcels.ndgeojson.gz
[2023-02-19 14:37:32,755] {logging_mixin.py:115} WARNING -   0%|          | 0.00/42.1M [00:00<?, ?B/s]
[2023-02-19 14:37:32,865] {logging_mixin.py:115} WARNING -   7%|7         | 3.15M/42.1M [00:00<00:01, 29.3MB/s]
[2023-02-19 14:37:32,969] {logging_mixin.py:115} WARNING -  17%|#7        | 7.34M/42.1M [00:00<00:00, 35.5MB/s]
[2023-02-19 14:37:33,105] {logging_mixin.py:115} WARNING -  26%|##6       | 11.0M/42.1M [00:00<00:00, 31.1MB/s]
[2023-02-19 14:37:33,259] {logging_mixin.py:115} WARNING -  35%|###4      | 14.7M/42.1M [00:00<00:00, 27.7MB/s]
[2023-02-19 14:37:33,390] {logging_mixin.py:115} WARNING -  42%|####2     | 17.8M/42.1M [00:00<00:00, 26.5MB/s]
[2023-02-19 14:37:33,492] {logging_mixin.py:115} WARNING -  51%|#####1    | 21.5M/42.1M [00:00<00:00, 29.1MB/s]
[2023-02-19 14:37:33,601] {logging_mixin.py:115} WARNING -  60%|#####9    | 25.2M/42.1M [00:00<00:00, 30.5MB/s]
[2023-02-19 14:37:33,707] {logging_mixin.py:115} WARNING -  70%|######9   | 29.4M/42.1M [00:00<00:00, 33.2MB/s]
[2023-02-19 14:37:33,812] {logging_mixin.py:115} WARNING -  82%|########2 | 34.6M/42.1M [00:01<00:00, 38.1MB/s]
[2023-02-19 14:37:33,916] {logging_mixin.py:115} WARNING -  96%|#########5| 40.4M/42.1M [00:01<00:00, 43.3MB/s]
[2023-02-19 14:37:33,949] {logging_mixin.py:115} WARNING - 100%|##########| 42.1M/42.1M [00:01<00:00, 35.3MB/s]
[2023-02-19 14:37:33,960] {logging_mixin.py:115} INFO - Extract and save gzip file
[2023-02-19 14:38:23,636] {logging_mixin.py:115} INFO - Use shell script to convert npgeojson to geojson
[2023-02-19 14:38:24,117] {python.py:173} INFO - Done. Returned value was: None
[2023-02-19 14:38:24,221] {taskinstance.py:1400} INFO - Marking task as SUCCESS. dag_id=autoetl-coordinates, task_id=get_input_data, execution_date=20230219T143702, start_date=20230219T143704, end_date=20230219T143824
[2023-02-19 14:38:24,480] {local_task_job.py:156} INFO - Task exited with return code 0
[2023-02-19 14:38:24,548] {local_task_job.py:273} INFO - 1 downstream tasks scheduled from follow-on schedule check
